C51 COMPILER V9.51   MONI_I2C_A                                                            04/10/2020 14:00:55 PAGE 1   


C51 COMPILER V9.51, COMPILATION OF MODULE MONI_I2C_A
OBJECT MODULE PLACED IN .\OBJ\MONI_I2C_A.obj
COMPILER INVOKED BY: d:\Keil_v5\C51\BIN\C51.EXE moni_I2C_A\MONI_I2C_A.C BROWSE INCDIR(.\SMEC98SP\Header;.\fpga_i2c;.\mon
                    -i_I2C_A) DEBUG OBJECTEXTEND PRINT(.\LST\MONI_I2C_A.lst) OBJECT(.\OBJ\MONI_I2C_A.obj)

line level    source

   1          /*********************************************************************************************************
             -************************/
   2          //#include      "STC15Fxxxx.H"
   3          #include        "moni_I2C_A.h"
   4          
   5          #include "reg51.h"
   6          #include "intrins.h"
   7          //#include "uart.h"
   8          //#include "gpio.h"
   9          
  10          #ifndef uchar 
              #define uchar unsigned char 
              #endif 
  13          #ifndef uint 
              #define uint unsigned int 
              #endif 
  16          //void UART_SEND(BYTE dat);
  17          //#define WD7188        0X40
  18          //#define RD7188        0X41 
  19          
  20          sbit    OW     =P3^3;                   //定义IIC SDA管脚，
  21          sbit    IO_INOUT    =P3^4;                      //定义IIC inout管脚，
  22          //sbit  pSCL    =       P1^1;//P3^6;
  23          //sbit  pSDA    =       P2^2;//P2^4;//P3^2;  //7 
  24          //sbit  pSCL    =       P2^1;//P3^3;  //8
  25          
  26          
  27          bit   bACK;
  28          
  29          
  30          
  31          
  32          //-----------------------------------------------
  33          //========================== 功能子函数===============================
  34          void delay(unsigned int t)
  35          {// 延时函数
  36   1      while(t){t--;}; //延时循环计数
  37   1      }
  38          //-------------------------------------------------------------------
  39          void delay_us(unsigned int i)
  40          {//IIC 总线限速延时函数。
  41   1      //该函数是空函数，延时4 个机器周期。
  42   1      for(;i>0;i--)
  43   1              {
  44   2                      delay(1);
  45   2                              
  46   2              }
  47   1      
  48   1      }
  49          void set_io_in(void)
  50          {
  51   1              //OW = 0;                       //设为输入
  52   1              IO_INOUT = 0;
  53   1      }
C51 COMPILER V9.51   MONI_I2C_A                                                            04/10/2020 14:00:55 PAGE 2   

  54          void set_io_out(void)
  55          {
  56   1              IO_INOUT = 1;
  57   1      }
  58          //-------------------------------------------------------------------
  59          void ow_Init(void)
  60          {//IIC 总线初始化函数
  61   1      set_io_out();
  62   1      OW=1;// 释放IIC 总线的数据线。
  63   1      delay_us(500);
  64   1      }
  65          //-------------------------------------------------------------------
  66          bit ow_reset(void)
  67          {
  68   1      unsigned char j;
  69   1      set_io_out();
  70   1      OW=0;// 拉高数据线
  71   1      j=0;
  72   1      delay_us(200);
  73   1      OW=1;// 拉高数据线
  74   1      delay_us(30);
  75   1      set_io_in();
  76   1      
  77   1      
  78   1      if(!OW)// 如果数据线为高平电平。
  79   1      return 1;
  80   1      else 
  81   1      return 0;
  82   1      
  83   1      OW=1;// 拉高数据线
  84   1      delay_us(300);
  85   1      
  86   1      }
  87          //-------------------------------------------------------------------
  88          
  89          //-------------------------------------------------------------------
  90          void ow_write_byte(unsigned char Data)
  91          {// 向IIC 总线写入一个字节的数据函数
  92   1      unsigned char i;
  93   1      for(i=0;i<8;i++)// 有8 位数据
  94   1      {
  95   2      set_io_out();           
  96   2      if(Data&0x01)
  97   2      {
  98   3      OW=0;// 写最高位的数据
  99   3      delay_us(8/3);
 100   3      OW=1;// 写最高位的数据
 101   3      delay_us(114/3);
 102   3      }
 103   2      else
 104   2      {
 105   3      OW=0;// 写最高位的数据
 106   3      delay_us(102/3);
 107   3      OW=1;// 写最高位的数据
 108   3      delay_us(20/3);
 109   3      }
 110   2      
 111   2      Data=Data>>1;// 数据左移一位，把次高位放在最高位,为写入次高位做准备
 112   2      }
 113   1      set_io_out();
 114   1      OW=1;
 115   1      delay_us(100);
C51 COMPILER V9.51   MONI_I2C_A                                                            04/10/2020 14:00:55 PAGE 3   

 116   1      }
 117          //-------------------------------------------------------------------
 118          unsigned char ow_read_byte()
 119          {// 从IIC 总线读取一个字节的数据函数
 120   1      unsigned char i,j;
 121   1      unsigned char Data; //定义一个缓冲寄存器。
 122   1      Data = 0;
 123   1      for(i=0;i<8;i++)// 有8 位数据
 124   1      {
 125   2      Data=Data>>1;// 将缓冲字节的数据左移一位，准备读取数据。
 126   2      set_io_out();
 127   2      OW=1;// 拉高时钟线，为读取下一位数据做准备。
 128   2      delay_us(2);
 129   2      OW=0;// 拉高时钟线，为读取下一位数据做准备。
 130   2      
 131   2      
 132   2      delay_us(2);
 133   2      
 134   2      set_io_in();
 135   2      OW=1;// 拉高时钟线，为读取下一位数据做准备。
 136   2      delay_us(5);
 137   2      
 138   2      if(OW)// 如果数据线为高平电平。
 139   2      {
 140   3      Data |= 0x80;
 141   3      
 142   3      
 143   3      }
 144   2      else 
 145   2      {
 146   3      Data &= 0x7f;
 147   3      
 148   3      
 149   3      }
 150   2      
 151   2      OW=1;
 152   2      delay_us(33);
 153   2      }
 154   1      set_io_out();
 155   1      delay_us(33);
 156   1      return Data;// 返回读取的一个字节数据。
 157   1      }
*** WARNING C280 IN LINE 120 OF moni_I2C_A\MONI_I2C_A.C: 'j': unreferenced local variable
 158          //-------------------------------------------------------------------
 159          


MODULE INFORMATION:   STATIC OVERLAYABLE
   CODE SIZE        =    222    ----
   CONSTANT SIZE    =   ----    ----
   XDATA SIZE       =   ----    ----
   PDATA SIZE       =   ----    ----
   DATA SIZE        =   ----       2
   IDATA SIZE       =   ----    ----
   BIT SIZE         =      1    ----
END OF MODULE INFORMATION.


C51 COMPILATION COMPLETE.  1 WARNING(S),  0 ERROR(S)
